<?xml version="1.0" encoding="UTF-8"?>
<!-- Generated by org.testng.reporters.JUnitXMLReporter -->
<testsuite hostname="simuns-Air.home" ignored="0" name="Regression" tests="7" failures="0" timestamp="12 Apr 2018 01:33:45 GMT" time="0.16" errors="0">
  <testcase name="next" time="0.011" classname="frame1.day1"/>
  <testcase name="shell" time="0.005" classname="frame1.day1"/>
  <testcase name="carloan" time="0.005" classname="frame1.day3"/>
  <testcase name="ex" time="0.028" classname="frame1.day3"/>
  <testcase name="james" time="0.002" classname="frame1.day3"/>
  <testcase name="life" time="0.001" classname="frame1.day3"/>
  <testcase name="houseloan" time="0.002" classname="frame1.day2"/>
</testsuite> <!-- Regression -->
