<?xml version="1.0" encoding="UTF-8"?>
<!-- Generated by org.testng.reporters.JUnitXMLReporter -->
<testsuite hostname="simuns-Air.home" ignored="0" name="Test" tests="4" failures="0" timestamp="10 Apr 2018 17:29:29 GMT" time="0.068" errors="0">
  <testcase name="bp" time="0.02" classname="frame1.day1"/>
  <testcase name="shell" time="0.002" classname="frame1.day1"/>
  <testcase name="houseloan" time="0.002" classname="frame1.day2"/>
  <testcase name="schoolloan" time="0.001" classname="frame1.day2"/>
</testsuite> <!-- Test -->
