<?xml version="1.0" encoding="UTF-8"?>
<testng-results skipped="0" failed="1" ignored="2" total="3" passed="0">
  <reporter-output>
  </reporter-output>
  <suite name="Default suite" duration-ms="75" started-at="2018-04-21T21:41:04Z" finished-at="2018-04-21T21:41:04Z">
    <groups>
    </groups>
    <test name="Default test" duration-ms="75" started-at="2018-04-21T21:41:04Z" finished-at="2018-04-21T21:41:04Z">
      <class name="frame1.day1">
        <test-method status="PASS" signature="speedyway()[pri:0, instance:frame1.day1@4678c730]" name="speedyway" is-config="true" duration-ms="28" started-at="2018-04-21T21:41:04Z" finished-at="2018-04-21T21:41:04Z">
          <reporter-output>
          </reporter-output>
        </test-method> <!-- speedyway -->
        <test-method status="FAIL" signature="bp()[pri:0, instance:frame1.day1@4678c730]" name="bp" duration-ms="19" started-at="2018-04-21T21:41:04Z" finished-at="2018-04-21T21:41:04Z">
          <exception class="java.io.FileNotFoundException">
            <message>
              <![CDATA[Users/mohammadhasan/workspace/framework2/src/frame1/datadriver.properties (No such file or directory)]]>
            </message>
            <full-stacktrace>
              <![CDATA[java.io.FileNotFoundException: Users/mohammadhasan/workspace/framework2/src/frame1/datadriver.properties (No such file or directory)
at java.io.FileInputStream.open0(Native Method)
at java.io.FileInputStream.open(FileInputStream.java:195)
at java.io.FileInputStream.<init>(FileInputStream.java:138)
at java.io.FileInputStream.<init>(FileInputStream.java:93)
at frame1.day1.bp(day1.java:21)
at sun.reflect.NativeMethodAccessorImpl.invoke0(Native Method)
at sun.reflect.NativeMethodAccessorImpl.invoke(NativeMethodAccessorImpl.java:62)
at sun.reflect.DelegatingMethodAccessorImpl.invoke(DelegatingMethodAccessorImpl.java:43)
at java.lang.reflect.Method.invoke(Method.java:498)
at org.testng.internal.MethodInvocationHelper.invokeMethod(MethodInvocationHelper.java:124)
at org.testng.internal.Invoker.invokeMethod(Invoker.java:580)
at org.testng.internal.Invoker.invokeTestMethod(Invoker.java:716)
at org.testng.internal.Invoker.invokeTestMethods(Invoker.java:988)
at org.testng.internal.TestMethodWorker.invokeTestMethods(TestMethodWorker.java:125)
at org.testng.internal.TestMethodWorker.run(TestMethodWorker.java:109)
at org.testng.TestRunner.privateRun(TestRunner.java:648)
at org.testng.TestRunner.run(TestRunner.java:505)
at org.testng.SuiteRunner.runTest(SuiteRunner.java:455)
at org.testng.SuiteRunner.runSequentially(SuiteRunner.java:450)
at org.testng.SuiteRunner.privateRun(SuiteRunner.java:415)
at org.testng.SuiteRunner.run(SuiteRunner.java:364)
at org.testng.SuiteRunnerWorker.runSuite(SuiteRunnerWorker.java:52)
at org.testng.SuiteRunnerWorker.run(SuiteRunnerWorker.java:84)
at org.testng.TestNG.runSuitesSequentially(TestNG.java:1208)
at org.testng.TestNG.runSuitesLocally(TestNG.java:1137)
at org.testng.TestNG.runSuites(TestNG.java:1049)
at org.testng.TestNG.run(TestNG.java:1017)
at org.testng.remote.AbstractRemoteTestNG.run(AbstractRemoteTestNG.java:114)
at org.testng.remote.RemoteTestNG.initAndRun(RemoteTestNG.java:251)
at org.testng.remote.RemoteTestNG.main(RemoteTestNG.java:77)
]]>
            </full-stacktrace>
          </exception> <!-- java.io.FileNotFoundException -->
          <reporter-output>
          </reporter-output>
        </test-method> <!-- bp -->
      </class> <!-- frame1.day1 -->
    </test> <!-- Default test -->
  </suite> <!-- Default suite -->
</testng-results>
